<?xml version="1.0" encoding="UTF-8"?>
<!-- Generated by org.testng.reporters.JUnitReportReporter -->
<testsuite hostname="DESKTOP-9JF5JSK" failures="0" tests="1" name="com.qa.testscripts.TC_AmazonSearch_001" time="11.229" errors="0" timestamp="2022-12-10T09:11:04 IST" skipped="0">
  <testcase classname="com.qa.testscripts.TC_AmazonSearch_001" name="search" time="11.229"/>
  <system-out/>
</testsuite> <!-- com.qa.testscripts.TC_AmazonSearch_001 -->
